<?xml version="1.0" encoding="UTF-8"?>
<!-- Generated by org.testng.reporters.JUnitReportReporter -->
<testsuite hostname="Techno-311" failures="0" tests="3" name="io.mosip.testscripts.GetWithParamForAutoGenIdForKeyCloak" time="2.135" errors="3" timestamp="19 Apr 2022 04:24:38 GMT" skipped="0">
  <testcase classname="io.mosip.testscripts.GetWithParamForAutoGenIdForKeyCloak" name="Prerequisite_GetUserDetails_allValid_smoke2_get_sid_KeyCloakuserDetails" time="0.709">
    <error type="java.lang.NullPointerException">
      <![CDATA[java.lang.NullPointerException
	at io.mosip.authentication.fw.util.ReportUtil.getOutputValiReport(ReportUtil.java:31)
	at io.mosip.testscripts.GetWithParamForAutoGenIdForKeyCloak.test(GetWithParamForAutoGenIdForKeyCloak.java:79)
	at java.base/jdk.internal.reflect.NativeMethodAccessorImpl.invoke0(Native Method)
	at java.base/jdk.internal.reflect.NativeMethodAccessorImpl.invoke(NativeMethodAccessorImpl.java:62)
	at java.base/jdk.internal.reflect.DelegatingMethodAccessorImpl.invoke(DelegatingMethodAccessorImpl.java:43)
	at java.base/java.lang.reflect.Method.invoke(Method.java:566)
	at org.testng.internal.MethodInvocationHelper.invokeMethod(MethodInvocationHelper.java:108)
	at org.testng.internal.Invoker.invokeMethod(Invoker.java:661)
	at org.testng.internal.Invoker.invokeTestMethod(Invoker.java:869)
	at org.testng.internal.Invoker.invokeTestMethods(Invoker.java:1193)
	at org.testng.internal.TestMethodWorker.invokeTestMethods(TestMethodWorker.java:126)
	at org.testng.internal.TestMethodWorker.run(TestMethodWorker.java:109)
	at org.testng.TestRunner.privateRun(TestRunner.java:744)
	at org.testng.TestRunner.run(TestRunner.java:602)
	at org.testng.SuiteRunner.runTest(SuiteRunner.java:380)
	at org.testng.SuiteRunner.runSequentially(SuiteRunner.java:375)
	at org.testng.SuiteRunner.privateRun(SuiteRunner.java:340)
	at org.testng.SuiteRunner.run(SuiteRunner.java:289)
	at org.testng.SuiteRunnerWorker.runSuite(SuiteRunnerWorker.java:52)
	at org.testng.SuiteRunnerWorker.run(SuiteRunnerWorker.java:86)
	at org.testng.TestNG.runSuitesSequentially(TestNG.java:1301)
	at org.testng.TestNG.runSuitesLocally(TestNG.java:1226)
	at org.testng.TestNG.runSuites(TestNG.java:1144)
	at org.testng.TestNG.run(TestNG.java:1115)
	at io.mosip.testrunner.MosipTestRunner.startTestRunner(MosipTestRunner.java:85)
	at io.mosip.testrunner.MosipTestRunner.main(MosipTestRunner.java:43)
]]>
    </error>
  </testcase> <!-- Prerequisite_GetUserDetails_allValid_smoke2_get_sid_KeyCloakuserDetails -->
  <testcase classname="io.mosip.testscripts.GetWithParamForAutoGenIdForKeyCloak" name="Prerequisite_GetUserDetails_allValid_smoke_get_sid_KeyCloakuserDetails" time="0.682">
    <error type="java.lang.NullPointerException">
      <![CDATA[java.lang.NullPointerException
	at io.mosip.authentication.fw.util.ReportUtil.getOutputValiReport(ReportUtil.java:31)
	at io.mosip.testscripts.GetWithParamForAutoGenIdForKeyCloak.test(GetWithParamForAutoGenIdForKeyCloak.java:79)
	at java.base/jdk.internal.reflect.NativeMethodAccessorImpl.invoke0(Native Method)
	at java.base/jdk.internal.reflect.NativeMethodAccessorImpl.invoke(NativeMethodAccessorImpl.java:62)
	at java.base/jdk.internal.reflect.DelegatingMethodAccessorImpl.invoke(DelegatingMethodAccessorImpl.java:43)
	at java.base/java.lang.reflect.Method.invoke(Method.java:566)
	at org.testng.internal.MethodInvocationHelper.invokeMethod(MethodInvocationHelper.java:108)
	at org.testng.internal.Invoker.invokeMethod(Invoker.java:661)
	at org.testng.internal.Invoker.invokeTestMethod(Invoker.java:869)
	at org.testng.internal.Invoker.invokeTestMethods(Invoker.java:1193)
	at org.testng.internal.TestMethodWorker.invokeTestMethods(TestMethodWorker.java:126)
	at org.testng.internal.TestMethodWorker.run(TestMethodWorker.java:109)
	at org.testng.TestRunner.privateRun(TestRunner.java:744)
	at org.testng.TestRunner.run(TestRunner.java:602)
	at org.testng.SuiteRunner.runTest(SuiteRunner.java:380)
	at org.testng.SuiteRunner.runSequentially(SuiteRunner.java:375)
	at org.testng.SuiteRunner.privateRun(SuiteRunner.java:340)
	at org.testng.SuiteRunner.run(SuiteRunner.java:289)
	at org.testng.SuiteRunnerWorker.runSuite(SuiteRunnerWorker.java:52)
	at org.testng.SuiteRunnerWorker.run(SuiteRunnerWorker.java:86)
	at org.testng.TestNG.runSuitesSequentially(TestNG.java:1301)
	at org.testng.TestNG.runSuitesLocally(TestNG.java:1226)
	at org.testng.TestNG.runSuites(TestNG.java:1144)
	at org.testng.TestNG.run(TestNG.java:1115)
	at io.mosip.testrunner.MosipTestRunner.startTestRunner(MosipTestRunner.java:85)
	at io.mosip.testrunner.MosipTestRunner.main(MosipTestRunner.java:43)
]]>
    </error>
  </testcase> <!-- Prerequisite_GetUserDetails_allValid_smoke_get_sid_KeyCloakuserDetails -->
  <testcase classname="io.mosip.testscripts.GetWithParamForAutoGenIdForKeyCloak" name="Prerequisite_GetRoleIdForAllRoles_allValid_smoke_get_sid_KeyCloakroleDetails" time="0.744">
    <error type="java.lang.NullPointerException">
      <![CDATA[java.lang.NullPointerException
	at io.mosip.authentication.fw.util.ReportUtil.getOutputValiReport(ReportUtil.java:31)
	at io.mosip.testscripts.GetWithParamForAutoGenIdForKeyCloak.test(GetWithParamForAutoGenIdForKeyCloak.java:79)
	at java.base/jdk.internal.reflect.NativeMethodAccessorImpl.invoke0(Native Method)
	at java.base/jdk.internal.reflect.NativeMethodAccessorImpl.invoke(NativeMethodAccessorImpl.java:62)
	at java.base/jdk.internal.reflect.DelegatingMethodAccessorImpl.invoke(DelegatingMethodAccessorImpl.java:43)
	at java.base/java.lang.reflect.Method.invoke(Method.java:566)
	at org.testng.internal.MethodInvocationHelper.invokeMethod(MethodInvocationHelper.java:108)
	at org.testng.internal.Invoker.invokeMethod(Invoker.java:661)
	at org.testng.internal.Invoker.invokeTestMethod(Invoker.java:869)
	at org.testng.internal.Invoker.invokeTestMethods(Invoker.java:1193)
	at org.testng.internal.TestMethodWorker.invokeTestMethods(TestMethodWorker.java:126)
	at org.testng.internal.TestMethodWorker.run(TestMethodWorker.java:109)
	at org.testng.TestRunner.privateRun(TestRunner.java:744)
	at org.testng.TestRunner.run(TestRunner.java:602)
	at org.testng.SuiteRunner.runTest(SuiteRunner.java:380)
	at org.testng.SuiteRunner.runSequentially(SuiteRunner.java:375)
	at org.testng.SuiteRunner.privateRun(SuiteRunner.java:340)
	at org.testng.SuiteRunner.run(SuiteRunner.java:289)
	at org.testng.SuiteRunnerWorker.runSuite(SuiteRunnerWorker.java:52)
	at org.testng.SuiteRunnerWorker.run(SuiteRunnerWorker.java:86)
	at org.testng.TestNG.runSuitesSequentially(TestNG.java:1301)
	at org.testng.TestNG.runSuitesLocally(TestNG.java:1226)
	at org.testng.TestNG.runSuites(TestNG.java:1144)
	at org.testng.TestNG.run(TestNG.java:1115)
	at io.mosip.testrunner.MosipTestRunner.startTestRunner(MosipTestRunner.java:85)
	at io.mosip.testrunner.MosipTestRunner.main(MosipTestRunner.java:43)
]]>
    </error>
  </testcase> <!-- Prerequisite_GetRoleIdForAllRoles_allValid_smoke_get_sid_KeyCloakroleDetails -->
</testsuite> <!-- io.mosip.testscripts.GetWithParamForAutoGenIdForKeyCloak -->
