<?xml version="1.0" encoding="UTF-8"?>
<!-- Generated by org.testng.reporters.JUnitXMLReporter -->
<testsuite ignored="0" hostname="Techno-311" failures="2" tests="4" name="CreateRegistrationCenter" time="2.2" errors="0" timestamp="15 Dec 2021 09:44:45 GMT">
  <testcase classname="io.mosip.testscripts.SimplePost" name="" time="0.326">
    <failure type="com.google.gson.JsonSyntaxException" message="com.google.gson.stream.MalformedJsonException: Unexpected value at line 14 column 17 path $.request.isActive">
      <![CDATA[com.google.gson.JsonSyntaxException: com.google.gson.stream.MalformedJsonException: Unexpected value at line 14 column 17 path $.request.isActive
	at com.google.gson.internal.Streams.parse(Streams.java:60)
	at com.google.gson.JsonParser.parse(JsonParser.java:84)
	at com.google.gson.JsonParser.parse(JsonParser.java:59)
	at com.google.gson.JsonParser.parse(JsonParser.java:45)
	at io.mosip.authentication.fw.precon.JsonPrecondtion.toPrettyFormat(JsonPrecondtion.java:422)
	at io.mosip.authentication.fw.util.ReportUtil.getTextAreaJsonMsgHtml(ReportUtil.java:64)
	at io.mosip.admin.fw.util.AdminTestUtil.postWithBodyAndCookie(AdminTestUtil.java:121)
	at io.mosip.testscripts.SimplePost.test(SimplePost.java:90)
	at io.mosip.testrunner.MosipTestRunner.startTestRunner(MosipTestRunner.java:81)
	at io.mosip.testrunner.MosipTestRunner.main(MosipTestRunner.java:39)
Caused by: com.google.gson.stream.MalformedJsonException: Unexpected value at line 14 column 17 path $.request.isActive
	at com.google.gson.stream.JsonReader.syntaxError(JsonReader.java:1568)
	at com.google.gson.stream.JsonReader.doPeek(JsonReader.java:564)
	at com.google.gson.stream.JsonReader.peek(JsonReader.java:425)
	at com.google.gson.internal.bind.TypeAdapters$29.read(TypeAdapters.java:700)
	at com.google.gson.internal.bind.TypeAdapters$29.read(TypeAdapters.java:723)
	at com.google.gson.internal.bind.TypeAdapters$29.read(TypeAdapters.java:723)
	at com.google.gson.internal.bind.TypeAdapters$29.read(TypeAdapters.java:698)
	at com.google.gson.internal.Streams.parse(Streams.java:48)
	... 30 more
... Removed 21 stack frames]]>
    </failure>
  </testcase> <!--  -->
  <testcase classname="io.mosip.testscripts.SimplePost" name="MasterData_CreateRegCenter_allValid_smoke" time="0.652"/>
  <testcase classname="io.mosip.testscripts.SimplePost" name="MasterData_CreateRegCenter_Invalid_HolidayLocationCode_blank_eng" time="0.62"/>
  <testcase classname="io.mosip.testscripts.SimplePost" name="MasterData_CreateRegCenter_Invalid_latitude_blank_eng" time="0.599">
    <failure type="io.mosip.admin.fw.util.AdminTestException" message="Failed at output validation">
      <![CDATA[io.mosip.admin.fw.util.AdminTestException: Failed at output validation
	at io.mosip.testscripts.SimplePost.test(SimplePost.java:100)
	at io.mosip.testrunner.MosipTestRunner.startTestRunner(MosipTestRunner.java:81)
	at io.mosip.testrunner.MosipTestRunner.main(MosipTestRunner.java:39)
... Removed 21 stack frames]]>
    </failure>
  </testcase> <!-- MasterData_CreateRegCenter_Invalid_latitude_blank_eng -->
</testsuite> <!-- CreateRegistrationCenter -->
