<?xml version="1.0" encoding="UTF-8"?>
<!-- Generated by org.testng.reporters.JUnitXMLReporter -->
<testsuite ignored="0" hostname="Techno-311" failures="1" tests="8" name="CreateMachineType" time="5.67" errors="0" timestamp="14 Jul 2023 17:19:57 GMT">
  <testcase classname="io.mosip.testscripts.SimplePost" name="" time="0.778">
    <failure type="io.mosip.admin.fw.util.AdminTestException" message="Failed at output validation">
      <![CDATA[io.mosip.admin.fw.util.AdminTestException: Failed at output validation
	at io.mosip.testscripts.SimplePost.test(SimplePost.java:102)
	at io.mosip.testrunner.MosipTestRunner.startTestRunner(MosipTestRunner.java:161)
	at io.mosip.testrunner.MosipTestRunner.main(MosipTestRunner.java:103)
... Removed 21 stack frames]]>
    </failure>
  </testcase> <!--  -->
  <testcase classname="io.mosip.testscripts.SimplePost" name="Masterdata_CreateMachineType_All_Valid_Smoke" time="0.725"/>
  <testcase classname="io.mosip.testscripts.SimplePost" name="Masterdata_CreateMachineType_Invalid_InputParameter_Code_Missing" time="0.673"/>
  <testcase classname="io.mosip.testscripts.SimplePost" name="Masterdata_CreateMachineType_Invalid_InputParameter_Code_Empty" time="0.675"/>
  <testcase classname="io.mosip.testscripts.SimplePost" name="Masterdata_CreateMachineType_InputParameter_Name_Missing" time="0.705"/>
  <testcase classname="io.mosip.testscripts.SimplePost" name="Masterdata_CreateMachineType_InputParameter_Name_Empty" time="0.678"/>
  <testcase classname="io.mosip.testscripts.SimplePost" name="Masterdata_CreateMachineType_InputParameter_Name_AboveMaxLen64" time="0.711"/>
  <testcase classname="io.mosip.testscripts.SimplePost" name="Masterdata_CreateMachineType_InputParameter_Description_AboveMaxLen128" time="0.714"/>
</testsuite> <!-- CreateMachineType -->
