<?xml version="1.0" encoding="UTF-8"?>
<!-- Generated by org.testng.reporters.JUnitXMLReporter -->
<testsuite ignored="0" hostname="Techno-311" failures="1" tests="4" name="CreateZoneUser" time="3.528" errors="0" timestamp="20 Sep 2022 08:10:25 GMT">
  <testcase classname="io.mosip.testscripts.SimplePost" name="" time="1.424">
    <failure type="io.mosip.admin.fw.util.AdminTestException" message="Failed at output validation">
      <![CDATA[io.mosip.admin.fw.util.AdminTestException: Failed at output validation
	at io.mosip.testscripts.SimplePost.test(SimplePost.java:117)
	at io.mosip.testrunner.MosipTestRunner.startTestRunner(MosipTestRunner.java:156)
	at io.mosip.testrunner.MosipTestRunner.main(MosipTestRunner.java:97)
... Removed 21 stack frames]]>
    </failure>
  </testcase> <!--  -->
  <testcase classname="io.mosip.testscripts.SimplePost" name="MasterData_CreateZoneUser_All_Valid_Smoke" time="1.393"/>
  <testcase classname="io.mosip.testscripts.SimplePost" name="MasterData_CreateZoneUser__Empty_UserID_Valid" time="0.335"/>
  <testcase classname="io.mosip.testscripts.SimplePost" name="MasterData_CreateZoneUser__Empty_zoneCode_Valid" time="0.372"/>
</testsuite> <!-- CreateZoneUser -->
